TN:
SF:src/abi.ts
FNF:0
FNH:0
DA:5,7
DA:215,7
LF:2
LH:2
BRF:0
BRH:0
end_of_record
TN:
SF:src/client.ts
FN:26,buildPublicClient
FN:32,buildWalletClient
FN:41,buildClients
FNF:3
FNH:3
FNDA:4,buildPublicClient
FNDA:3,buildWalletClient
FNDA:4,buildClients
DA:27,4
DA:28,4
DA:36,3
DA:37,3
DA:38,3
DA:42,4
DA:43,4
DA:44,4
DA:46,4
DA:47,4
DA:48,4
DA:50,4
LF:12
LH:12
BRDA:27,0,0,1
BRDA:27,0,1,3
BRDA:36,1,0,1
BRDA:36,1,1,2
BRDA:37,2,0,3
BRDA:37,2,1,2
BRDA:44,3,0,1
BRDA:44,3,1,3
BRF:8
BRH:8
end_of_record
TN:
SF:src/config.ts
FN:23,loadConfig
FN:43,writeConfig
FN:50,requirePrivateKey
FN:86,error
FN:91,success
FN:95,info
FN:99,warn
FNF:7
FNH:7
FNDA:7,loadConfig
FNDA:11,writeConfig
FNDA:10,requirePrivateKey
FNDA:29,error
FNDA:20,success
FNDA:114,info
FNDA:1,warn
DA:17,12
DA:21,12
DA:24,7
DA:25,7
DA:27,7
DA:28,6
DA:29,6
DA:31,1
DA:36,6
DA:37,7
DA:38,7
DA:40,7
DA:44,11
DA:46,11
DA:47,11
DA:51,10
DA:52,10
DA:53,1
DA:59,9
DA:60,10
DA:65,12
DA:87,29
DA:88,29
DA:92,20
DA:96,114
DA:100,1
DA:105,12
DA:106,12
DA:107,12
DA:108,12
DA:109,12
DA:110,12
DA:111,12
DA:112,12
LF:34
LH:34
BRDA:27,0,0,6
BRDA:27,0,1,1
BRDA:36,1,0,6
BRDA:36,1,1,5
BRDA:37,2,0,7
BRDA:37,2,1,5
BRDA:38,3,0,7
BRDA:38,3,1,5
BRDA:38,3,2,4
BRDA:51,4,0,10
BRDA:51,4,1,2
BRDA:52,5,0,1
BRDA:52,5,1,9
BRDA:59,6,0,8
BRDA:59,6,1,1
BRDA:105,7,0,12
BRDA:105,7,1,12
BRDA:106,8,0,12
BRDA:106,8,1,0
BRDA:107,9,0,12
BRDA:107,9,1,0
BRDA:108,10,0,12
BRDA:108,10,1,0
BRDA:109,11,0,12
BRDA:109,11,1,0
BRDA:110,12,0,12
BRDA:110,12,1,0
BRDA:111,13,0,12
BRDA:111,13,1,0
BRDA:112,14,0,12
BRDA:112,14,1,0
BRF:31
BRH:24
end_of_record
TN:
SF:src/index.ts
FN:49,showHelp
FN:172,main
FN:272,(anonymous_2)
FNF:3
FNH:2
FNDA:4,showHelp
FNDA:30,main
FNDA:0,(anonymous_2)
DA:50,4
DA:173,30
DA:175,30
DA:176,4
DA:177,4
DA:180,26
DA:181,2
DA:182,2
DA:185,24
DA:187,2
DA:188,2
DA:191,2
DA:192,1
DA:195,6
DA:196,6
DA:197,6
DA:198,1
DA:199,1
DA:200,1
DA:201,1
DA:202,1
DA:204,1
DA:205,1
DA:206,1
DA:208,5
DA:212,4
DA:213,4
DA:214,1
DA:215,1
DA:216,1
DA:218,1
DA:219,1
DA:220,1
DA:222,3
DA:226,3
DA:227,3
DA:228,1
DA:229,1
DA:231,1
DA:232,1
DA:233,1
DA:235,2
DA:239,2
DA:240,2
DA:243,1
DA:244,1
DA:247,1
DA:248,1
DA:251,2
DA:252,2
DA:255,1
DA:256,1
DA:257,1
DA:265,1
DA:271,1
DA:272,0
DA:273,0
DA:274,0
DA:275,0
LF:59
LH:55
BRDA:175,0,0,4
BRDA:175,0,1,26
BRDA:175,1,0,30
BRDA:175,1,1,29
BRDA:175,1,2,28
BRDA:175,1,3,27
BRDA:180,2,0,2
BRDA:180,2,1,24
BRDA:180,3,0,26
BRDA:180,3,1,25
BRDA:185,4,0,24
BRDA:185,4,1,2
BRDA:185,4,2,6
BRDA:185,4,3,4
BRDA:185,4,4,3
BRDA:185,4,5,2
BRDA:185,4,6,1
BRDA:185,4,7,1
BRDA:185,4,8,2
BRDA:185,4,9,1
BRDA:197,5,0,1
BRDA:197,5,1,1
BRDA:197,5,2,1
BRDA:197,5,3,1
BRDA:197,5,4,1
BRDA:197,5,5,1
BRDA:213,6,0,1
BRDA:213,6,1,1
BRDA:213,6,2,1
BRDA:213,6,3,1
BRDA:227,7,0,1
BRDA:227,7,1,1
BRDA:227,7,2,1
BRDA:265,8,0,1
BRDA:265,8,1,1
BRDA:265,8,2,1
BRDA:265,8,3,1
BRDA:265,8,4,1
BRDA:271,9,0,0
BRDA:271,9,1,1
BRDA:271,10,0,1
BRDA:271,10,1,0
BRDA:274,11,0,0
BRDA:274,11,1,0
BRF:44
BRH:40
end_of_record
TN:
SF:src/commands/agent.ts
FN:24,parseFlag
FN:31,cmdAgentList
FN:85,cmdAgentLookup
FNF:3
FNH:3
FNDA:16,parseFlag
FNDA:8,cmdAgentList
FNDA:7,cmdAgentLookup
DA:25,16
DA:26,16
DA:32,8
DA:33,8
DA:34,8
DA:35,8
DA:37,8
DA:38,8
DA:39,8
DA:40,1
DA:41,1
DA:44,7
DA:45,7
DA:52,7
DA:53,1
DA:54,1
DA:57,6
DA:58,6
DA:59,6
DA:61,6
DA:62,9
DA:63,9
DA:67,9
DA:68,8
DA:70,9
DA:71,7
DA:75,6
DA:76,1
DA:77,1
DA:80,6
DA:86,7
DA:87,7
DA:89,6
DA:90,6
DA:91,6
DA:92,1
DA:93,1
DA:97,5
DA:98,5
DA:104,5
DA:106,5
DA:107,7
DA:114,7
DA:115,4
DA:116,4
DA:117,4
DA:118,4
DA:119,4
DA:120,4
DA:121,4
DA:122,4
DA:123,4
DA:124,4
DA:125,4
DA:129,1
LF:55
LH:55
BRDA:26,0,0,3
BRDA:26,0,1,13
BRDA:26,1,0,16
BRDA:26,1,1,3
BRDA:32,2,0,8
BRDA:32,2,1,7
BRDA:33,3,0,8
BRDA:33,3,1,6
BRDA:39,4,0,1
BRDA:39,4,1,7
BRDA:52,5,0,1
BRDA:52,5,1,6
BRDA:62,6,0,8
BRDA:62,6,1,1
BRDA:67,7,0,8
BRDA:67,7,1,1
BRDA:68,8,0,1
BRDA:68,8,1,7
BRDA:70,9,0,7
BRDA:70,9,1,2
BRDA:75,10,0,1
BRDA:75,10,1,5
BRDA:87,11,0,1
BRDA:87,11,1,6
BRDA:91,12,0,1
BRDA:91,12,1,5
BRDA:114,13,0,4
BRDA:114,13,1,3
BRDA:119,14,0,4
BRDA:119,14,1,1
BRDA:122,15,0,3
BRDA:122,15,1,1
BRDA:123,16,0,1
BRDA:123,16,1,3
BRF:34
BRH:34
end_of_record
TN:
SF:src/commands/agentd.ts
FN:76,loadState
FN:85,saveState
FN:91,ts
FN:95,jsonLine
FN:99,humanLine
FN:109,discoverAgents
FN:121,(anonymous_6)
FN:133,getBalance
FN:142,runCycle
FN:154,(anonymous_9)
FN:166,(anonymous_10)
FN:184,(anonymous_11)
FN:187,(anonymous_12)
FN:189,(anonymous_13)
FN:210,cmdDaemonStatus
FN:236,cmdDaemonPeers
FN:263,cmdAgentd
FN:264,(anonymous_17)
FN:275,(anonymous_18)
FN:279,(anonymous_19)
FN:350,(anonymous_20)
FN:387,(anonymous_21)
FN:395,(anonymous_22)
FN:409,(anonymous_23)
FN:410,(anonymous_24)
FNF:25
FNH:25
FNDA:36,loadState
FNDA:29,saveState
FNDA:82,ts
FNDA:30,jsonLine
FNDA:102,humanLine
FNDA:27,discoverAgents
FNDA:27,(anonymous_6)
FNDA:25,getBalance
FNDA:27,runCycle
FNDA:106,(anonymous_9)
FNDA:25,(anonymous_10)
FNDA:27,(anonymous_11)
FNDA:1,(anonymous_12)
FNDA:3,(anonymous_13)
FNDA:6,cmdDaemonStatus
FNDA:5,cmdDaemonPeers
FNDA:40,cmdAgentd
FNDA:68,(anonymous_17)
FNDA:28,(anonymous_18)
FNDA:112,(anonymous_19)
FNDA:27,(anonymous_20)
FNDA:2,(anonymous_21)
FNDA:2,(anonymous_22)
FNDA:1,(anonymous_23)
FNDA:1,(anonymous_24)
DA:74,1
DA:77,36
DA:78,11
DA:79,11
DA:81,2
DA:86,29
DA:92,82
DA:96,30
DA:100,102
DA:101,82
DA:102,20
DA:103,20
DA:114,27
DA:121,27
DA:137,25
DA:152,27
DA:154,27
DA:155,106
DA:158,27
DA:160,27
DA:161,27
DA:162,25
DA:163,25
DA:166,25
DA:167,25
DA:168,1
DA:170,24
DA:174,25
DA:175,25
DA:176,25
DA:177,25
DA:178,1
DA:180,24
DA:184,27
DA:185,25
DA:186,2
DA:187,1
DA:189,3
DA:193,25
DA:194,25
DA:195,25
DA:196,25
DA:197,25
DA:199,25
DA:201,2
DA:202,2
DA:203,2
DA:204,2
DA:211,6
DA:212,6
DA:213,6
DA:214,2
DA:215,2
DA:216,2
DA:217,2
DA:220,4
DA:221,4
DA:222,4
DA:223,4
DA:224,4
DA:225,4
DA:226,4
DA:227,6
DA:228,6
DA:229,6
DA:230,6
DA:231,6
DA:237,5
DA:238,5
DA:239,5
DA:240,2
DA:241,2
DA:242,2
DA:245,3
DA:246,3
DA:247,3
DA:248,3
DA:250,3
DA:251,5
DA:254,5
DA:256,3
DA:257,3
DA:258,5
DA:264,68
DA:265,40
DA:267,40
DA:268,34
DA:269,29
DA:270,1
DA:274,28
DA:275,40
DA:276,28
DA:277,28
DA:279,112
DA:281,40
DA:282,40
DA:283,40
DA:284,40
DA:285,40
DA:288,40
DA:289,40
DA:291,40
DA:292,40
DA:294,40
DA:295,1
DA:298,27
DA:299,1
DA:303,26
DA:304,26
DA:305,26
DA:306,26
DA:307,26
DA:308,13
DA:310,25
DA:313,25
DA:316,25
DA:330,40
DA:331,21
DA:332,21
DA:333,21
DA:334,21
DA:335,21
DA:336,21
DA:337,21
DA:338,21
DA:339,21
DA:340,21
DA:341,21
DA:342,21
DA:344,4
DA:350,25
DA:351,27
DA:352,21
DA:354,27
DA:364,27
DA:365,27
DA:366,5
DA:371,25
DA:373,25
DA:374,19
DA:375,16
DA:376,16
DA:377,16
DA:379,19
DA:383,6
DA:384,4
DA:387,6
DA:388,2
DA:389,2
DA:390,1
DA:395,6
DA:396,2
DA:397,2
DA:398,2
DA:399,1
DA:401,1
DA:402,1
DA:403,1
DA:404,1
DA:406,2
DA:409,6
DA:410,6
LF:162
LH:162
BRDA:77,0,0,25
BRDA:77,0,1,11
BRDA:100,1,0,82
BRDA:100,1,1,20
BRDA:102,2,0,20
BRDA:102,2,1,0
BRDA:112,3,0,27
BRDA:125,4,0,27
BRDA:125,4,1,1
BRDA:126,5,0,27
BRDA:126,5,1,1
BRDA:155,6,0,102
BRDA:155,6,1,4
BRDA:167,7,0,1
BRDA:167,7,1,24
BRDA:177,8,0,1
BRDA:177,8,1,24
BRDA:185,9,0,2
BRDA:185,9,1,23
BRDA:185,10,0,25
BRDA:185,10,1,2
BRDA:201,11,0,1
BRDA:201,11,1,1
BRDA:213,12,0,2
BRDA:213,12,1,4
BRDA:226,13,0,4
BRDA:226,13,1,1
BRDA:229,14,0,1
BRDA:229,14,1,3
BRDA:230,15,0,3
BRDA:230,15,1,1
BRDA:239,16,0,2
BRDA:239,16,1,3
BRDA:239,17,0,5
BRDA:239,17,1,4
BRDA:251,18,0,3
BRDA:251,18,1,2
BRDA:257,19,0,3
BRDA:257,19,1,1
BRDA:265,20,0,39
BRDA:265,20,1,1
BRDA:265,21,0,40
BRDA:265,21,1,40
BRDA:267,22,0,6
BRDA:267,22,1,34
BRDA:268,23,0,5
BRDA:268,23,1,29
BRDA:269,24,0,1
BRDA:269,24,1,28
BRDA:274,25,0,27
BRDA:274,25,1,1
BRDA:274,26,0,28
BRDA:274,26,1,28
BRDA:277,27,0,1
BRDA:277,27,1,27
BRDA:277,28,0,28
BRDA:277,28,1,1
BRDA:281,29,0,40
BRDA:281,29,1,27
BRDA:281,29,2,26
BRDA:291,30,0,40
BRDA:291,30,1,1
BRDA:292,31,0,40
BRDA:292,31,1,28
BRDA:294,32,0,1
BRDA:294,32,1,39
BRDA:298,33,0,1
BRDA:298,33,1,26
BRDA:310,34,0,1
BRDA:310,34,1,24
BRDA:316,35,0,25
BRDA:316,35,1,24
BRDA:330,36,0,21
BRDA:330,36,1,4
BRDA:339,37,0,17
BRDA:339,37,1,4
BRDA:351,38,0,21
BRDA:351,38,1,6
BRDA:351,39,0,27
BRDA:351,39,1,22
BRDA:365,40,0,5
BRDA:365,40,1,22
BRDA:373,41,0,19
BRDA:373,41,1,6
BRDA:374,42,0,16
BRDA:374,42,1,3
BRDA:374,43,0,19
BRDA:374,43,1,17
BRDA:383,44,0,4
BRDA:383,44,1,2
BRDA:383,45,0,6
BRDA:383,45,1,4
BRDA:389,46,0,1
BRDA:389,46,1,1
BRDA:389,47,0,2
BRDA:389,47,1,1
BRDA:398,48,0,1
BRDA:398,48,1,1
BRF:98
BRH:97
end_of_record
TN:
SF:src/commands/init.ts
FN:9,cmdInit
FNF:1
FNH:1
FNDA:8,cmdInit
DA:10,8
DA:11,8
DA:13,8
DA:14,1
DA:15,1
DA:18,7
DA:20,7
DA:21,7
DA:22,7
DA:23,7
DA:24,7
DA:25,7
LF:12
LH:12
BRDA:11,0,0,3
BRDA:11,0,1,5
BRDA:13,1,0,1
BRDA:13,1,1,7
BRDA:13,2,0,8
BRDA:13,2,1,2
BRF:6
BRH:6
end_of_record
TN:
SF:src/commands/project.ts
FN:23,parseFlag
FN:28,requireFlag
FN:34,formatDate
FN:40,cmdProjectCreate
FN:97,cmdProjectGet
FN:144,cmdProjectList
FN:172,(anonymous_6)
FN:197,cmdProjectTransfer
FN:231,cmdProjectCollab
FNF:9
FNH:9
FNDA:61,parseFlag
FNDA:29,requireFlag
FNDA:13,formatDate
FNDA:9,cmdProjectCreate
FNDA:11,cmdProjectGet
FNDA:8,cmdProjectList
FNDA:5,(anonymous_6)
FNDA:5,cmdProjectTransfer
FNDA:6,cmdProjectCollab
DA:24,61
DA:25,61
DA:29,29
DA:30,29
DA:31,24
DA:35,13
DA:41,9
DA:42,9
DA:43,9
DA:44,9
DA:45,9
DA:46,9
DA:47,9
DA:49,9
DA:50,9
DA:51,9
DA:53,7
DA:56,7
DA:63,7
DA:64,1
DA:65,1
DA:70,1
DA:71,1
DA:74,7
DA:76,7
DA:85,7
DA:86,7
DA:88,7
DA:89,6
DA:91,1
DA:98,11
DA:99,11
DA:101,11
DA:102,11
DA:103,11
DA:105,9
DA:106,9
DA:117,9
DA:119,8
DA:126,8
DA:127,8
DA:128,11
DA:129,11
DA:130,11
DA:131,11
DA:132,11
DA:133,11
DA:134,11
DA:135,11
DA:136,11
DA:137,8
DA:138,8
DA:139,8
DA:145,8
DA:146,8
DA:147,2
DA:150,6
DA:151,6
DA:152,6
DA:154,5
DA:155,5
DA:162,5
DA:163,1
DA:164,1
DA:167,4
DA:168,4
DA:169,4
DA:171,4
DA:173,5
DA:182,4
DA:183,5
DA:187,5
DA:192,4
DA:198,5
DA:199,5
DA:200,5
DA:202,2
DA:203,2
DA:204,2
DA:206,1
DA:208,1
DA:212,1
DA:213,1
DA:215,1
DA:225,1
DA:226,1
DA:232,6
DA:233,6
DA:234,1
DA:237,5
DA:238,5
DA:239,5
DA:241,3
DA:242,3
DA:243,3
DA:245,2
DA:246,2
DA:248,6
DA:250,6
DA:259,2
DA:260,2
LF:101
LH:101
BRDA:25,0,0,27
BRDA:25,0,1,34
BRDA:25,1,0,61
BRDA:25,1,1,27
BRDA:30,2,0,5
BRDA:30,2,1,24
BRDA:42,3,0,9
BRDA:42,3,1,7
BRDA:43,4,0,9
BRDA:43,4,1,7
BRDA:44,5,0,9
BRDA:44,5,1,8
BRDA:45,6,0,9
BRDA:45,6,1,7
BRDA:51,7,0,1
BRDA:51,7,1,8
BRDA:63,8,0,1
BRDA:63,8,1,6
BRDA:88,9,0,6
BRDA:88,9,1,1
BRDA:98,10,0,11
BRDA:98,10,1,1
BRDA:99,11,0,1
BRDA:99,11,1,9
BRDA:103,12,0,1
BRDA:103,12,1,10
BRDA:117,13,0,1
BRDA:117,13,1,8
BRDA:127,14,0,2
BRDA:127,14,1,6
BRDA:130,15,0,11
BRDA:130,15,1,1
BRDA:135,16,0,7
BRDA:135,16,1,1
BRDA:136,17,0,1
BRDA:136,17,1,10
BRDA:137,18,0,2
BRDA:137,18,1,6
BRDA:138,19,0,3
BRDA:138,19,1,5
BRDA:146,20,0,2
BRDA:146,20,1,6
BRDA:146,21,0,8
BRDA:146,21,1,7
BRDA:152,22,0,1
BRDA:152,22,1,5
BRDA:162,23,0,1
BRDA:162,23,1,4
BRDA:184,24,0,2
BRDA:184,24,1,3
BRDA:185,25,0,3
BRDA:185,25,1,2
BRDA:200,26,0,1
BRDA:200,26,1,4
BRDA:204,27,0,1
BRDA:204,27,1,1
BRDA:233,28,0,1
BRDA:233,28,1,5
BRDA:233,29,0,6
BRDA:233,29,1,2
BRDA:239,30,0,1
BRDA:239,30,1,4
BRDA:243,31,0,1
BRDA:243,31,1,2
BRDA:246,32,0,1
BRDA:246,32,1,1
BRDA:248,33,0,1
BRDA:248,33,1,1
BRDA:260,34,0,1
BRDA:260,34,1,1
BRF:70
BRH:70
end_of_record
TN:
SF:src/commands/search.ts
FN:29,parseFlag
FN:34,highlight
FN:44,cmdSearch
FN:46,(anonymous_3)
FN:89,(anonymous_4)
FN:126,(anonymous_5)
FNF:6
FNH:6
FNDA:18,parseFlag
FNDA:57,highlight
FNDA:19,cmdSearch
FNDA:18,(anonymous_3)
FNDA:42,(anonymous_4)
FNDA:4,(anonymous_5)
DA:30,18
DA:31,18
DA:35,57
DA:36,57
DA:37,31
DA:46,19
DA:47,19
DA:49,18
DA:50,18
DA:51,18
DA:52,19
DA:54,19
DA:55,19
DA:56,19
DA:58,17
DA:61,17
DA:67,17
DA:68,1
DA:69,1
DA:72,16
DA:73,11
DA:74,11
DA:75,11
DA:79,16
DA:80,16
DA:81,16
DA:83,16
DA:84,16
DA:85,16
DA:86,42
DA:88,16
DA:90,42
DA:99,16
DA:101,16
DA:102,40
DA:103,38
DA:105,36
DA:106,36
DA:107,36
DA:109,33
DA:110,33
DA:114,16
DA:115,3
DA:116,1
DA:118,2
DA:119,2
DA:120,2
DA:122,3
DA:125,13
DA:126,4
DA:138,4
DA:139,4
DA:142,9
DA:143,29
DA:144,29
DA:146,29
DA:149,29
DA:150,28
DA:153,28
DA:155,29
DA:160,29
DA:161,1
DA:165,9
DA:166,9
DA:171,19
LF:65
LH:65
BRDA:31,0,0,1
BRDA:31,0,1,17
BRDA:31,1,0,18
BRDA:31,1,1,1
BRDA:36,2,0,26
BRDA:36,2,1,31
BRDA:47,3,0,1
BRDA:47,3,1,18
BRDA:51,4,0,18
BRDA:51,4,1,17
BRDA:56,5,0,1
BRDA:56,5,1,18
BRDA:67,6,0,1
BRDA:67,6,1,16
BRDA:72,7,0,11
BRDA:72,7,1,5
BRDA:84,8,0,1
BRDA:84,8,1,15
BRDA:102,9,0,2
BRDA:102,9,1,38
BRDA:103,10,0,2
BRDA:103,10,1,36
BRDA:103,11,0,38
BRDA:103,11,1,3
BRDA:107,12,0,3
BRDA:107,12,1,33
BRDA:107,13,0,36
BRDA:107,13,1,5
BRDA:110,14,0,2
BRDA:110,14,1,31
BRDA:114,15,0,3
BRDA:114,15,1,13
BRDA:115,16,0,1
BRDA:115,16,1,2
BRDA:119,17,0,1
BRDA:119,17,1,1
BRDA:125,18,0,4
BRDA:125,18,1,9
BRDA:135,19,0,4
BRDA:135,19,1,3
BRDA:136,20,0,4
BRDA:136,20,1,4
BRDA:143,21,0,2
BRDA:143,21,1,27
BRDA:144,22,0,28
BRDA:144,22,1,1
BRDA:149,23,0,28
BRDA:149,23,1,1
BRDA:150,24,0,1
BRDA:150,24,1,27
BRDA:160,25,0,1
BRDA:160,25,1,28
BRDA:168,26,0,2
BRDA:168,26,1,7
BRF:54
BRH:54
end_of_record
TN:
SF:src/commands/status.ts
FN:10,cmdStatus
FNF:1
FNH:1
FNDA:10,cmdStatus
DA:11,10
DA:12,10
DA:14,10
DA:15,10
DA:16,10
DA:17,10
DA:18,10
DA:19,10
DA:20,10
DA:21,10
DA:23,10
DA:24,1
DA:25,1
DA:26,1
DA:29,9
DA:30,9
DA:31,9
DA:36,8
DA:37,8
DA:38,8
DA:39,8
DA:41,1
DA:44,9
LF:23
LH:23
BRDA:18,0,0,10
BRDA:18,0,1,1
BRDA:19,1,0,10
BRDA:19,1,1,1
BRDA:20,2,0,10
BRDA:20,2,1,1
BRDA:21,3,0,10
BRDA:21,3,1,1
BRDA:23,4,0,1
BRDA:23,4,1,9
BRF:10
BRH:10
end_of_record
TN:
SF:src/commands/token.ts
FN:36,parseAmount
FN:45,parseAddress
FN:62,cmdTokenBalance
FN:64,(anonymous_3)
FN:121,cmdTokenAllowance
FN:123,(anonymous_5)
FN:185,cmdTokenApprove
FN:187,(anonymous_7)
FN:262,cmdTokenTransfer
FN:264,(anonymous_9)
FN:349,cmdTokenInfo
FN:393,cmdToken
FNF:12
FNH:12
FNDA:17,parseAmount
FNDA:11,parseAddress
FNDA:7,cmdTokenBalance
FNDA:2,(anonymous_3)
FNDA:8,cmdTokenAllowance
FNDA:3,(anonymous_5)
FNDA:11,cmdTokenApprove
FNDA:9,(anonymous_7)
FNDA:12,cmdTokenTransfer
FNDA:20,(anonymous_9)
FNDA:6,cmdTokenInfo
FNDA:9,cmdToken
DA:32,1
DA:37,17
DA:38,17
DA:40,1
DA:41,1
DA:46,11
DA:47,11
DA:48,11
DA:50,1
DA:51,1
DA:63,7
DA:64,7
DA:66,7
DA:67,7
DA:70,7
DA:71,1
DA:74,6
DA:75,6
DA:76,6
DA:77,6
DA:80,7
DA:81,1
DA:82,1
DA:85,6
DA:87,6
DA:97,6
DA:98,1
DA:104,1
DA:107,5
DA:108,5
DA:109,5
DA:110,5
DA:111,5
DA:112,5
DA:113,5
DA:114,5
DA:122,8
DA:123,8
DA:125,8
DA:126,8
DA:129,8
DA:130,1
DA:132,7
DA:133,7
DA:134,7
DA:137,8
DA:138,1
DA:139,1
DA:142,7
DA:143,7
DA:150,7
DA:151,7
DA:153,7
DA:154,2
DA:161,2
DA:164,5
DA:165,5
DA:166,5
DA:167,5
DA:168,5
DA:169,5
DA:171,8
DA:172,2
DA:173,2
DA:175,3
DA:176,3
DA:178,5
DA:186,11
DA:187,11
DA:189,11
DA:190,2
DA:191,2
DA:192,2
DA:195,9
DA:196,9
DA:197,9
DA:199,9
DA:200,1
DA:201,1
DA:204,7
DA:205,7
DA:206,7
DA:208,7
DA:209,6
DA:210,6
DA:211,6
DA:212,6
DA:213,6
DA:214,6
DA:215,6
DA:216,6
DA:219,7
DA:220,7
DA:222,7
DA:231,7
DA:233,7
DA:235,7
DA:236,1
DA:245,1
DA:248,6
DA:249,1
DA:250,1
DA:253,5
DA:254,5
DA:255,5
DA:263,12
DA:264,20
DA:266,12
DA:267,12
DA:269,12
DA:270,3
DA:271,3
DA:272,3
DA:275,9
DA:276,9
DA:277,9
DA:278,9
DA:280,9
DA:281,1
DA:282,1
DA:285,7
DA:286,7
DA:287,7
DA:290,7
DA:291,1
DA:292,1
DA:295,6
DA:296,5
DA:297,5
DA:298,5
DA:299,5
DA:300,5
DA:301,5
DA:302,5
DA:303,5
DA:306,6
DA:307,6
DA:309,6
DA:318,6
DA:320,6
DA:322,6
DA:323,1
DA:332,1
DA:335,5
DA:336,1
DA:337,1
DA:340,4
DA:341,4
DA:342,4
DA:350,6
DA:352,6
DA:353,6
DA:355,6
DA:356,1
DA:357,1
DA:360,5
DA:362,5
DA:369,5
DA:370,1
DA:376,1
DA:379,4
DA:380,4
DA:381,4
DA:382,4
DA:383,4
DA:384,4
DA:385,4
DA:386,4
DA:387,4
DA:388,4
DA:394,9
DA:395,9
DA:397,9
DA:399,9
DA:401,1
DA:402,1
DA:404,1
DA:405,1
DA:407,2
DA:408,1
DA:410,2
DA:411,1
DA:413,1
DA:414,1
DA:416,2
DA:417,2
DA:418,2
DA:419,2
DA:420,2
DA:421,2
DA:422,2
DA:423,2
DA:424,2
LF:193
LH:193
BRDA:46,0,0,0
BRDA:46,0,1,11
BRDA:70,1,0,1
BRDA:70,1,1,6
BRDA:80,2,0,1
BRDA:80,2,1,6
BRDA:97,3,0,1
BRDA:97,3,1,5
BRDA:129,4,0,1
BRDA:129,4,1,7
BRDA:137,5,0,1
BRDA:137,5,1,7
BRDA:137,6,0,8
BRDA:137,6,1,7
BRDA:153,7,0,2
BRDA:153,7,1,5
BRDA:169,8,0,3
BRDA:169,8,1,2
BRDA:171,9,0,2
BRDA:171,9,1,3
BRDA:189,10,0,2
BRDA:189,10,1,9
BRDA:199,11,0,1
BRDA:199,11,1,8
BRDA:199,12,0,9
BRDA:199,12,1,7
BRDA:208,13,0,6
BRDA:208,13,1,1
BRDA:227,14,0,1
BRDA:227,14,1,6
BRDA:231,15,0,6
BRDA:231,15,1,1
BRDA:235,16,0,1
BRDA:235,16,1,6
BRDA:248,17,0,1
BRDA:248,17,1,5
BRDA:269,18,0,3
BRDA:269,18,1,9
BRDA:269,19,0,12
BRDA:269,19,1,10
BRDA:280,20,0,1
BRDA:280,20,1,8
BRDA:290,21,0,1
BRDA:290,21,1,6
BRDA:295,22,0,5
BRDA:295,22,1,1
BRDA:314,23,0,1
BRDA:314,23,1,5
BRDA:318,24,0,5
BRDA:318,24,1,1
BRDA:322,25,0,1
BRDA:322,25,1,5
BRDA:335,26,0,1
BRDA:335,26,1,4
BRDA:355,27,0,1
BRDA:355,27,1,5
BRDA:369,28,0,1
BRDA:369,28,1,4
BRDA:399,29,0,1
BRDA:399,29,1,1
BRDA:399,29,2,2
BRDA:399,29,3,2
BRDA:399,29,4,1
BRDA:399,29,5,2
BRDA:416,30,0,2
BRDA:416,30,1,1
BRF:66
BRH:65
end_of_record
TN:
SF:src/commands/version.ts
FN:19,parseFlag
FN:24,requireFlag
FN:30,formatDate
FN:36,cmdVersionPush
FN:79,cmdVersionList
FN:103,(anonymous_5)
FN:136,cmdVersionShow
FNF:7
FNH:7
FNDA:43,parseFlag
FNDA:37,requireFlag
FNDA:12,formatDate
FNDA:9,cmdVersionPush
FNDA:10,cmdVersionList
FNDA:9,(anonymous_5)
FNDA:6,cmdVersionShow
DA:20,43
DA:21,43
DA:25,37
DA:26,37
DA:27,31
DA:31,12
DA:37,9
DA:38,9
DA:39,9
DA:40,9
DA:42,9
DA:43,9
DA:44,9
DA:46,5
DA:48,5
DA:54,5
DA:55,5
DA:57,5
DA:67,5
DA:68,5
DA:70,5
DA:71,4
DA:73,1
DA:80,10
DA:82,10
DA:84,10
DA:85,10
DA:86,10
DA:88,8
DA:90,8
DA:97,8
DA:98,2
DA:99,2
DA:102,6
DA:104,9
DA:116,6
DA:117,6
DA:118,6
DA:120,6
DA:121,9
DA:122,9
DA:127,9
DA:128,8
DA:131,6
DA:137,6
DA:138,6
DA:140,6
DA:141,6
DA:142,6
DA:144,3
DA:145,3
DA:155,3
DA:156,3
DA:157,3
DA:158,3
DA:159,3
DA:160,3
DA:161,3
DA:162,3
DA:163,2
DA:165,3
LF:61
LH:61
BRDA:21,0,0,32
BRDA:21,0,1,11
BRDA:21,1,0,43
BRDA:21,1,1,32
BRDA:26,2,0,6
BRDA:26,2,1,31
BRDA:40,3,0,9
BRDA:40,3,1,5
BRDA:44,4,0,1
BRDA:44,4,1,8
BRDA:70,5,0,4
BRDA:70,5,1,1
BRDA:80,6,0,10
BRDA:80,6,1,1
BRDA:82,7,0,1
BRDA:82,7,1,8
BRDA:86,8,0,1
BRDA:86,8,1,9
BRDA:97,9,0,2
BRDA:97,9,1,6
BRDA:127,10,0,8
BRDA:127,10,1,1
BRDA:128,11,0,1
BRDA:128,11,1,7
BRDA:142,12,0,1
BRDA:142,12,1,5
BRDA:162,13,0,2
BRDA:162,13,1,1
BRF:28
BRH:28
end_of_record
TN:
SF:src/commands/watch.ts
FN:39,parseFlag
FN:44,formatTs
FN:48,renderEvent
FN:60,(anonymous_3)
FN:122,cmdWatch
FN:195,(anonymous_5)
FNF:6
FNH:6
FNDA:98,parseFlag
FNDA:24,formatTs
FNDA:24,renderEvent
FNDA:16,(anonymous_3)
FNDA:50,cmdWatch
FNDA:87,(anonymous_5)
DA:26,50
DA:40,98
DA:41,98
DA:45,24
DA:49,24
DA:50,24
DA:51,24
DA:52,24
DA:54,24
DA:55,4
DA:60,16
DA:64,4
DA:67,18
DA:68,18
DA:70,18
DA:72,4
DA:73,4
DA:74,4
DA:75,4
DA:78,3
DA:79,3
DA:80,3
DA:82,1
DA:83,1
DA:84,1
DA:86,1
DA:87,1
DA:89,2
DA:90,2
DA:92,2
DA:93,2
DA:95,2
DA:96,2
DA:98,2
DA:99,2
DA:101,1
DA:105,2
DA:106,1
DA:113,50
DA:123,50
DA:124,50
DA:125,1
DA:128,49
DA:129,50
DA:130,50
DA:132,50
DA:133,50
DA:134,50
DA:136,48
DA:140,48
DA:141,33
DA:143,15
DA:144,15
DA:147,48
DA:148,39
DA:149,39
DA:150,39
DA:151,39
DA:152,39
DA:153,39
DA:154,39
DA:155,39
DA:156,39
DA:157,39
DA:158,39
DA:161,48
DA:162,48
DA:164,48
DA:165,87
DA:166,87
DA:167,84
DA:168,49
DA:174,49
DA:176,28
DA:177,28
DA:178,28
DA:179,24
DA:180,24
DA:187,49
DA:190,3
DA:191,2
DA:195,87
LF:82
LH:82
BRDA:41,0,0,34
BRDA:41,0,1,64
BRDA:41,1,0,98
BRDA:41,1,1,34
BRDA:54,2,0,4
BRDA:54,2,1,20
BRDA:60,3,0,6
BRDA:60,3,1,10
BRDA:70,4,0,18
BRDA:70,4,1,3
BRDA:70,4,2,1
BRDA:70,4,3,1
BRDA:70,4,4,2
BRDA:70,4,5,2
BRDA:70,4,6,2
BRDA:70,4,7,2
BRDA:70,4,8,1
BRDA:72,5,0,1
BRDA:72,5,1,3
BRDA:92,6,0,1
BRDA:92,6,1,1
BRDA:105,7,0,1
BRDA:105,7,1,1
BRDA:123,8,0,13
BRDA:123,8,1,37
BRDA:123,9,0,50
BRDA:123,9,1,42
BRDA:124,10,0,1
BRDA:124,10,1,49
BRDA:128,11,0,49
BRDA:128,11,1,48
BRDA:134,12,0,1
BRDA:134,12,1,49
BRDA:140,13,0,33
BRDA:140,13,1,15
BRDA:144,14,0,14
BRDA:144,14,1,1
BRDA:147,15,0,39
BRDA:147,15,1,9
BRDA:167,16,0,49
BRDA:167,16,1,35
BRDA:178,17,0,24
BRDA:178,17,1,4
BRDA:190,18,0,2
BRDA:190,18,1,1
BRF:45
BRH:45
end_of_record
