TN:
SF:script/Deploy.s.sol
DA:23,0
FN:23,Deploy.run
FNDA:0,Deploy.run
DA:24,0
DA:25,0
DA:27,0
DA:28,0
DA:29,0
DA:30,0
DA:31,0
DA:32,0
DA:33,0
DA:35,0
DA:39,0
DA:40,0
DA:41,0
DA:45,0
DA:46,0
DA:50,0
DA:51,0
DA:52,0
DA:56,0
DA:57,0
DA:65,0
DA:66,0
DA:67,0
DA:71,0
DA:72,0
DA:73,0
DA:77,0
BRDA:77,0,0,-
BRDA:77,0,1,-
DA:78,0
BRDA:78,1,0,-
BRDA:78,1,1,-
DA:79,0
BRDA:79,2,0,-
BRDA:79,2,1,-
DA:80,0
BRDA:80,3,0,-
BRDA:80,3,1,-
DA:81,0
BRDA:81,4,0,-
BRDA:81,4,1,-
DA:82,0
BRDA:82,5,0,-
BRDA:82,5,1,-
DA:84,0
DA:85,0
DA:86,0
DA:87,0
DA:88,0
DA:89,0
DA:90,0
DA:91,0
DA:92,0
DA:94,0
FNF:1
FNH:0
LF:43
LH:0
BRF:12
BRH:0
end_of_record
TN:
SF:script/DryRun.s.sol
DA:37,0
FN:37,DryRun.run
FNDA:0,DryRun.run
DA:38,0
DA:39,0
DA:41,0
DA:42,0
DA:43,0
DA:44,0
DA:45,0
DA:46,0
DA:47,0
DA:48,0
DA:50,0
DA:52,0
DA:55,0
DA:56,0
DA:57,0
DA:58,0
DA:60,0
DA:61,0
DA:62,0
DA:65,0
DA:66,0
DA:70,0
DA:71,0
DA:72,0
DA:73,0
DA:74,0
DA:77,0
DA:78,0
DA:86,0
DA:87,0
DA:88,0
DA:89,0
DA:90,0
DA:91,0
DA:92,0
DA:95,0
DA:96,0
DA:97,0
DA:100,0
DA:101,0
DA:102,0
DA:103,0
DA:104,0
DA:105,0
DA:106,0
DA:108,0
DA:110,0
DA:111,0
DA:112,0
DA:113,0
DA:114,0
DA:115,0
DA:116,0
BRDA:116,0,0,-
BRDA:116,0,1,-
DA:117,0
DA:119,0
DA:121,0
DA:124,0
FN:124,DryRun._checkBalance
FNDA:0,DryRun._checkBalance
DA:125,0
DA:126,0
BRDA:126,1,0,-
BRDA:126,1,1,-
DA:127,0
DA:129,0
DA:133,0
FN:133,DryRun._assert
FNDA:0,DryRun._assert
DA:134,0
BRDA:134,2,0,-
BRDA:134,2,1,-
FNF:3
FNH:0
LF:64
LH:0
BRF:6
BRH:0
end_of_record
TN:
SF:script/Verify.s.sol
DA:38,0
FN:38,Verify.run
FNDA:0,Verify.run
DA:39,0
DA:40,0
DA:41,0
DA:42,0
DA:43,0
DA:44,0
DA:46,0
DA:47,0
DA:48,0
DA:49,0
DA:50,0
DA:51,0
DA:52,0
DA:53,0
DA:60,0
DA:61,0
DA:62,0
DA:69,0
DA:70,0
DA:71,0
DA:78,0
DA:79,0
DA:80,0
DA:81,0
DA:82,0
DA:83,0
DA:84,0
DA:85,0
DA:86,0
FNF:1
FNH:0
LF:30
LH:0
BRF:0
BRH:0
end_of_record
TN:
SF:src/InkdRegistry.sol
DA:88,7
FN:88,InkdRegistry.onlyProjectOwner
FNDA:7,InkdRegistry.onlyProjectOwner
DA:89,7
BRDA:89,0,0,1
DA:90,6
BRDA:90,1,0,1
DA:95,142
FN:95,InkdRegistry.constructor
FNDA:142,InkdRegistry.constructor
DA:96,0
DA:99,132
FN:99,InkdRegistry.initialize
FNDA:132,InkdRegistry.initialize
DA:100,132
DA:101,132
DA:102,132
DA:103,132
DA:104,132
DA:110,518
FN:110,InkdRegistry.setVersionFee
FNDA:518,InkdRegistry.setVersionFee
DA:111,518
BRDA:111,2,0,258
DA:112,260
DA:113,260
DA:114,260
DA:118,516
FN:118,InkdRegistry.setTransferFee
FNDA:516,InkdRegistry.setTransferFee
DA:119,516
BRDA:119,3,0,257
DA:120,259
DA:121,259
DA:122,259
DA:128,338135
FN:128,InkdRegistry.createProject
FNDA:338135,InkdRegistry.createProject
DA:137,338135
BRDA:137,4,0,1
DA:139,338134
DA:140,4
BRDA:140,5,0,4
DA:143,338130
DA:145,338129
DA:146,338129
DA:161,338129
DA:162,338129
DA:164,338129
DA:166,20
BRDA:166,6,0,20
DA:167,20
DA:172,128868
FN:172,InkdRegistry.pushVersion
FNDA:128868,InkdRegistry.pushVersion
DA:178,128868
DA:179,128868
BRDA:179,7,0,1
DA:180,128867
BRDA:180,8,0,2
DA:181,2
DA:183,128865
BRDA:183,9,0,260
DA:185,128605
DA:193,128605
DA:196,128605
DA:198,128605
DA:202,29
FN:202,InkdRegistry.addCollaborator
FNDA:29,InkdRegistry.addCollaborator
DA:203,29
BRDA:203,10,0,2
DA:204,27
BRDA:204,11,0,2
DA:205,2
BRDA:205,12,0,2
DA:207,23
DA:208,23
DA:210,23
DA:214,7
FN:214,InkdRegistry.removeCollaborator
FNDA:7,InkdRegistry.removeCollaborator
DA:215,7
BRDA:215,13,0,1
DA:217,6
DA:218,6
DA:220,6
DA:224,19
FN:224,InkdRegistry.transferProject
FNDA:19,InkdRegistry.transferProject
DA:225,19
BRDA:225,14,0,1
DA:226,18
BRDA:226,15,0,2
DA:228,16
DA:229,16
DA:232,16
DA:233,16
DA:236,3
BRDA:236,16,0,3
DA:237,3
DA:238,3
DA:242,16
DA:244,16
DA:248,5
FN:248,InkdRegistry.setVisibility
FNDA:5,InkdRegistry.setVisibility
DA:249,5
DA:250,5
DA:254,5
FN:254,InkdRegistry.setReadme
FNDA:5,InkdRegistry.setReadme
DA:255,5
DA:256,5
DA:260,4
FN:260,InkdRegistry.setAgentEndpoint
FNDA:4,InkdRegistry.setAgentEndpoint
DA:261,4
DA:262,4
DA:267,384379
FN:267,InkdRegistry.getProject
FNDA:384379,InkdRegistry.getProject
DA:268,384379
DA:271,13
FN:271,InkdRegistry.getVersion
FNDA:13,InkdRegistry.getVersion
DA:272,13
DA:275,17
FN:275,InkdRegistry.getVersionCount
FNDA:17,InkdRegistry.getVersionCount
DA:276,17
DA:279,10
FN:279,InkdRegistry.getCollaborators
FNDA:10,InkdRegistry.getCollaborators
DA:280,10
DA:283,21
FN:283,InkdRegistry.getOwnerProjects
FNDA:21,InkdRegistry.getOwnerProjects
DA:284,21
DA:288,10
FN:288,InkdRegistry.getAgentProjects
FNDA:10,InkdRegistry.getAgentProjects
DA:289,10
DA:290,10
DA:291,19
BRDA:291,17,0,19
DA:294,10
BRDA:294,18,0,3
DA:295,7
DA:296,7
BRDA:296,19,0,3
DA:298,7
DA:299,7
DA:300,7
DA:302,7
DA:303,11
BRDA:303,20,0,11
DA:304,11
BRDA:304,21,0,9
DA:305,9
DA:306,9
DA:308,11
DA:312,7
DA:318,338134
FN:318,InkdRegistry._normalizeName
FNDA:338134,InkdRegistry._normalizeName
DA:319,338134
DA:320,338134
DA:321,12035207
BRDA:321,22,0,43
DA:322,43
DA:325,338134
DA:328,16
FN:328,InkdRegistry._removeFromOwnerProjects
FNDA:16,InkdRegistry._removeFromOwnerProjects
DA:329,16
DA:333,9
FN:333,InkdRegistry._removeFromAddressArray
FNDA:9,InkdRegistry._removeFromAddressArray
DA:334,9
DA:335,9
DA:336,10
BRDA:336,23,0,9
DA:337,9
DA:338,9
DA:339,9
DA:345,16
FN:345,InkdRegistry._removeFromUint256Array
FNDA:16,InkdRegistry._removeFromUint256Array
DA:346,16
DA:347,16
DA:348,17
BRDA:348,24,0,16
DA:349,16
DA:350,16
DA:351,16
DA:356,9
FN:356,InkdRegistry._authorizeUpgrade
FNDA:9,InkdRegistry._authorizeUpgrade
FNF:24
FNH:24
LF:126
LH:125
BRF:25
BRH:25
end_of_record
TN:
SF:src/InkdToken.sol
DA:13,151
FN:13,InkdToken.constructor
FNDA:151,InkdToken.constructor
DA:14,151
FNF:1
FNH:1
LF:2
LH:2
BRF:0
BRH:0
end_of_record
TN:
SF:src/InkdTreasury.sol
DA:22,157
FN:22,InkdTreasury.constructor
FNDA:157,InkdTreasury.constructor
DA:23,0
DA:26,151
FN:26,InkdTreasury.initialize
FNDA:151,InkdTreasury.initialize
DA:27,151
DA:31,153
FN:31,InkdTreasury.setRegistry
FNDA:153,InkdTreasury.setRegistry
DA:32,153
DA:33,153
DA:37,128889
FN:37,InkdTreasury.deposit
FNDA:128889,InkdTreasury.deposit
DA:38,128889
BRDA:38,0,0,2
DA:39,128887
DA:43,263
FN:43,InkdTreasury.withdraw
FNDA:263,InkdTreasury.withdraw
DA:44,263
DA:45,263
BRDA:45,1,0,1
DA:46,262
DA:50,3
FN:50,InkdTreasury.receive
FNDA:3,InkdTreasury.receive
DA:51,3
DA:54,4
FN:54,InkdTreasury._authorizeUpgrade
FNDA:4,InkdTreasury._authorizeUpgrade
FNF:7
FNH:7
LF:17
LH:16
BRF:2
BRH:2
end_of_record
TN:
SF:test/InkdInvariant.t.sol
DA:22,6
FN:22,InkdHandler.constructor
FNDA:6,InkdHandler.constructor
DA:23,6
DA:24,6
DA:25,6
DA:28,18
DA:31,6
DA:32,18
DA:33,18
DA:34,18
DA:35,18
DA:36,18
DA:40,385254
FN:40,InkdHandler.createProject
FNDA:385254,InkdHandler.createProject
DA:41,385254
DA:42,385254
DA:44,385254
BRDA:44,0,0,50417
DA:46,334837
DA:47,334837
BRDA:47,1,0,4626
DA:48,4626
DA:50,334837
BRDA:50,2,0,-
DA:51,0
DA:52,0
DA:54,334837
BRDA:54,3,0,334837
DA:55,334837
DA:56,334837
DA:58,334837
DA:61,385746
FN:61,InkdHandler.pushVersion
FNDA:385746,InkdHandler.pushVersion
DA:62,385746
DA:63,385746
BRDA:63,4,0,1410
DA:65,384336
DA:66,384336
DA:68,384336
DA:69,384336
BRDA:69,5,0,256023
DA:71,128313
DA:72,128313
BRDA:72,6,0,-
DA:74,128313
DA:75,128313
BRDA:75,7,0,128313
FNF:3
FNH:3
LF:36
LH:34
BRF:8
BRH:6
end_of_record
TN:
SF:test/InkdUpgrade.t.sol
DA:16,1
FN:16,InkdRegistryV2.version.0
FNDA:1,InkdRegistryV2.version.0
DA:17,1
DA:23,1
FN:23,InkdTreasuryV2.version.1
FNDA:1,InkdTreasuryV2.version.1
DA:24,1
FNF:2
FNH:2
LF:4
LH:4
BRF:0
BRH:0
end_of_record
